2018-04-28 20:51:15,435 - base_library - INFO - Создание базы пользователя PashaSyr
2018-04-28 20:51:15,436 - base_library - INFO - База успешно создана
2018-04-28 20:51:15,436 - base_library - INFO - Создание таблицы users
2018-04-28 20:51:15,545 - base_library - INFO - Таблица успешно создана
2018-04-28 20:51:15,545 - base_library - INFO - Создание таблицы posts
2018-04-28 20:55:56,811 - base_library - INFO - Создание базы пользователя PashaSyr
2018-04-28 20:55:56,811 - base_library - INFO - База успешно создана
2018-04-28 20:55:56,811 - base_library - INFO - Создание таблицы users
2018-04-28 20:55:56,934 - base_library - INFO - Таблица успешно создана
2018-04-28 20:55:56,935 - base_library - INFO - Создание таблицы posts
2018-04-28 20:55:57,027 - base_library - INFO - Таблица успешно создана
2018-04-28 20:55:57,027 - base_library - INFO - Создание таблицы likes
2018-04-28 20:56:29,659 - base_library - INFO - Создание базы пользователя PashaSyr
2018-04-28 20:56:29,660 - base_library - INFO - База успешно создана
2018-04-28 20:56:29,660 - base_library - INFO - Создание таблицы users
2018-04-28 20:56:29,661 - base_library - INFO - Таблица успешно создана
2018-04-28 20:56:29,661 - base_library - INFO - Создание таблицы posts
2018-04-28 20:56:29,662 - base_library - INFO - Таблица успешно создана
2018-04-28 20:56:29,662 - base_library - INFO - Создание таблицы likes
2018-04-28 20:56:29,769 - base_library - INFO - Таблица успешно создана
2018-04-28 20:56:29,770 - base_library - INFO - Создание таблицы likes
2018-04-28 20:56:29,879 - base_library - INFO - Таблица успешно создана
2018-04-28 22:19:53,140 - base_library - INFO - Создание базы пользователя virta_ps
2018-04-28 22:19:53,140 - base_library - INFO - База успешно создана
2018-04-28 22:19:53,140 - base_library - INFO - Создание таблицы users
2018-04-28 22:19:53,251 - base_library - INFO - Таблица успешно создана
2018-04-28 22:19:53,251 - base_library - INFO - Создание таблицы posts
2018-04-28 22:19:53,352 - base_library - INFO - Таблица успешно создана
2018-04-28 22:19:53,352 - base_library - INFO - Создание таблицы likes
2018-04-28 22:19:53,478 - base_library - INFO - Таблица успешно создана
2018-04-28 22:19:53,478 - base_library - INFO - Создание таблицы comments
2018-04-28 22:19:53,596 - base_library - INFO - Таблица успешно создана
2018-04-28 22:19:53,596 - base_library - INFO - Создание таблицы users_statistic
2018-04-28 22:19:53,764 - base_library - INFO - Таблица успешно создана
2018-04-28 22:20:47,280 - base_library - INFO - Создание базы пользователя virta_ps
2018-04-28 22:20:47,281 - base_library - INFO - База успешно создана
2018-04-28 22:20:47,281 - base_library - INFO - Создание таблицы users
2018-04-28 22:20:47,282 - base_library - INFO - Таблица успешно создана
2018-04-28 22:20:47,283 - base_library - INFO - Создание таблицы posts
2018-04-28 22:20:47,284 - base_library - INFO - Таблица успешно создана
2018-04-28 22:20:47,284 - base_library - INFO - Создание таблицы likes
2018-04-28 22:20:47,285 - base_library - INFO - Таблица успешно создана
2018-04-28 22:20:47,286 - base_library - INFO - Создание таблицы comments
2018-04-28 22:20:47,287 - base_library - INFO - Таблица успешно создана
2018-04-28 22:20:47,287 - base_library - INFO - Создание таблицы users_statistic
2018-04-28 22:20:47,288 - base_library - INFO - Таблица успешно создана
2018-04-28 22:21:17,934 - base_library - INFO - Создание базы пользователя virta_ps
2018-04-28 22:21:17,934 - base_library - INFO - База успешно создана
2018-04-28 22:21:17,934 - base_library - INFO - Создание таблицы users
2018-04-28 22:21:17,935 - base_library - INFO - Таблица успешно создана
2018-04-28 22:21:17,935 - base_library - INFO - Создание таблицы posts
2018-04-28 22:21:17,936 - base_library - INFO - Таблица успешно создана
2018-04-28 22:21:17,936 - base_library - INFO - Создание таблицы likes
2018-04-28 22:21:17,937 - base_library - INFO - Таблица успешно создана
2018-04-28 22:21:17,937 - base_library - INFO - Создание таблицы comments
2018-04-28 22:21:17,937 - base_library - INFO - Таблица успешно создана
2018-04-28 22:21:17,938 - base_library - INFO - Создание таблицы users_statistic
2018-04-28 22:21:17,938 - base_library - INFO - Таблица успешно создана
2018-04-28 22:22:13,356 - base_library - INFO - Создание базы пользователя virta_ps
2018-04-28 22:22:13,356 - base_library - INFO - База успешно создана
2018-04-28 22:22:13,356 - base_library - INFO - Создание таблицы users
2018-04-28 22:22:13,357 - base_library - INFO - Таблица успешно создана
2018-04-28 22:22:13,357 - base_library - INFO - Создание таблицы posts
2018-04-28 22:22:13,357 - base_library - INFO - Таблица успешно создана
2018-04-28 22:22:13,358 - base_library - INFO - Создание таблицы likes
2018-04-28 22:22:13,358 - base_library - INFO - Таблица успешно создана
2018-04-28 22:22:13,358 - base_library - INFO - Создание таблицы comments
2018-04-28 22:22:13,358 - base_library - INFO - Таблица успешно создана
2018-04-28 22:22:13,359 - base_library - INFO - Создание таблицы users_statistic
2018-04-28 22:22:13,359 - base_library - INFO - Таблица успешно создана
2018-04-28 22:22:29,593 - base_library - INFO - Создание базы пользователя virta_ps
2018-04-28 22:22:29,594 - base_library - INFO - База успешно создана
2018-04-28 22:22:29,594 - base_library - INFO - Создание таблицы users
2018-04-28 22:22:29,594 - base_library - INFO - Таблица успешно создана
2018-04-28 22:22:29,595 - base_library - INFO - Создание таблицы posts
2018-04-28 22:22:29,595 - base_library - INFO - Таблица успешно создана
2018-04-28 22:22:29,595 - base_library - INFO - Создание таблицы likes
2018-04-28 22:22:29,596 - base_library - INFO - Таблица успешно создана
2018-04-28 22:22:29,596 - base_library - INFO - Создание таблицы comments
2018-04-28 22:22:29,596 - base_library - INFO - Таблица успешно создана
2018-04-28 22:22:29,596 - base_library - INFO - Создание таблицы users_statistic
2018-04-28 22:22:29,597 - base_library - INFO - Таблица успешно создана
2018-04-28 22:22:50,936 - base_library - INFO - Создание базы пользователя virta_ps
2018-04-28 22:22:50,936 - base_library - INFO - База успешно создана
2018-04-28 22:22:50,936 - base_library - INFO - Создание таблицы users
2018-04-28 22:22:50,937 - base_library - INFO - Таблица успешно создана
2018-04-28 22:22:50,937 - base_library - INFO - Создание таблицы posts
2018-04-28 22:22:50,938 - base_library - INFO - Таблица успешно создана
2018-04-28 22:22:50,938 - base_library - INFO - Создание таблицы likes
2018-04-28 22:22:50,939 - base_library - INFO - Таблица успешно создана
2018-04-28 22:22:50,939 - base_library - INFO - Создание таблицы comments
2018-04-28 22:22:50,940 - base_library - INFO - Таблица успешно создана
2018-04-28 22:22:50,940 - base_library - INFO - Создание таблицы users_statistic
2018-04-28 22:22:50,941 - base_library - INFO - Таблица успешно создана
2018-04-28 22:23:50,147 - base_library - INFO - Создание базы пользователя virta_ps
2018-04-28 22:23:50,148 - base_library - INFO - База успешно создана
2018-04-28 22:23:50,148 - base_library - INFO - Создание таблицы users
2018-04-28 22:23:50,149 - base_library - INFO - Таблица успешно создана
2018-04-28 22:23:50,149 - base_library - INFO - Создание таблицы posts
2018-04-28 22:23:50,150 - base_library - INFO - Таблица успешно создана
2018-04-28 22:23:50,150 - base_library - INFO - Создание таблицы likes
2018-04-28 22:23:50,151 - base_library - INFO - Таблица успешно создана
2018-04-28 22:23:50,151 - base_library - INFO - Создание таблицы comments
2018-04-28 22:23:50,152 - base_library - INFO - Таблица успешно создана
2018-04-28 22:23:50,152 - base_library - INFO - Создание таблицы users_statistic
2018-04-28 22:23:50,153 - base_library - INFO - Таблица успешно создана
2018-04-28 22:24:02,458 - base_library - INFO - Создание базы пользователя virta_ps
2018-04-28 22:24:02,459 - base_library - INFO - База успешно создана
2018-04-28 22:24:02,459 - base_library - INFO - Создание таблицы users
2018-04-28 22:24:02,591 - base_library - INFO - Таблица успешно создана
2018-04-28 22:24:02,591 - base_library - INFO - Создание таблицы posts
2018-04-28 22:24:02,751 - base_library - INFO - Таблица успешно создана
2018-04-28 22:24:02,751 - base_library - INFO - Создание таблицы likes
2018-04-28 22:24:02,877 - base_library - INFO - Таблица успешно создана
2018-04-28 22:24:02,877 - base_library - INFO - Создание таблицы comments
2018-04-28 22:24:02,995 - base_library - INFO - Таблица успешно создана
2018-04-28 22:24:02,995 - base_library - INFO - Создание таблицы users_statistic
2018-04-28 22:24:03,104 - base_library - INFO - Таблица успешно создана
2018-04-28 22:25:08,799 - base_library - INFO - Создание базы пользователя virta_ps
2018-04-28 22:25:08,800 - base_library - INFO - База успешно создана
2018-04-28 22:25:08,800 - base_library - INFO - Создание таблицы users
2018-04-28 22:25:08,923 - base_library - INFO - Таблица успешно создана
2018-04-28 22:25:08,923 - base_library - INFO - Создание таблицы posts
2018-04-28 22:25:09,033 - base_library - INFO - Таблица успешно создана
2018-04-28 22:25:09,033 - base_library - INFO - Создание таблицы likes
2018-04-28 22:25:09,159 - base_library - INFO - Таблица успешно создана
2018-04-28 22:25:09,159 - base_library - INFO - Создание таблицы comments
2018-04-28 22:25:09,268 - base_library - INFO - Таблица успешно создана
2018-04-28 22:25:09,268 - base_library - INFO - Создание таблицы users_statistic
2018-04-28 22:25:09,377 - base_library - INFO - Таблица успешно создана
2018-04-28 22:27:05,251 - base_library - INFO - Создание базы пользователя virta_ps
2018-04-28 22:27:05,251 - base_library - INFO - База успешно создана
2018-04-28 22:27:05,251 - base_library - INFO - Создание таблицы users
2018-04-28 22:27:05,375 - base_library - INFO - Таблица успешно создана
2018-04-28 22:27:05,375 - base_library - INFO - Создание таблицы posts
2018-04-28 22:27:05,484 - base_library - INFO - Таблица успешно создана
2018-04-28 22:27:05,484 - base_library - INFO - Создание таблицы likes
2018-04-28 22:27:05,593 - base_library - INFO - Таблица успешно создана
2018-04-28 22:27:05,593 - base_library - INFO - Создание таблицы comments
2018-04-28 22:27:05,694 - base_library - INFO - Таблица успешно создана
2018-04-28 22:27:05,695 - base_library - INFO - Создание таблицы users_statistic
2018-04-28 22:27:05,804 - base_library - INFO - Таблица успешно создана
2018-04-28 22:30:04,777 - base_library - INFO - Создание базы пользователя virta_ps
2018-04-28 22:30:04,778 - base_library - INFO - База успешно создана
2018-04-28 22:30:04,778 - base_library - INFO - Создание таблицы users
2018-04-28 22:30:04,889 - base_library - INFO - Таблица успешно создана
2018-04-28 22:30:04,889 - base_library - INFO - Создание таблицы posts
2018-04-28 22:30:04,998 - base_library - INFO - Таблица успешно создана
2018-04-28 22:30:04,999 - base_library - INFO - Создание таблицы likes
2018-04-28 22:30:05,099 - base_library - INFO - Таблица успешно создана
2018-04-28 22:30:05,099 - base_library - INFO - Создание таблицы comments
2018-04-28 22:30:05,208 - base_library - INFO - Таблица успешно создана
2018-04-28 22:30:05,209 - base_library - INFO - Создание таблицы users_statistic
2018-04-28 22:30:05,318 - base_library - INFO - Таблица успешно создана
2018-04-28 22:30:36,105 - base_library - INFO - Создание базы пользователя virta_ps
2018-04-28 22:30:36,105 - base_library - INFO - База успешно создана
2018-04-28 22:30:36,105 - base_library - INFO - Создание таблицы users
2018-04-28 22:30:36,106 - base_library - INFO - Таблица успешно создана
2018-04-28 22:30:36,106 - base_library - INFO - Создание таблицы posts
2018-04-28 22:30:36,107 - base_library - INFO - Таблица успешно создана
2018-04-28 22:30:36,107 - base_library - INFO - Создание таблицы likes
2018-04-28 22:30:36,107 - base_library - INFO - Таблица успешно создана
2018-04-28 22:30:36,108 - base_library - INFO - Создание таблицы comments
2018-04-28 22:30:36,108 - base_library - INFO - Таблица успешно создана
2018-04-28 22:30:36,108 - base_library - INFO - Создание таблицы users_statistic
2018-04-28 22:30:36,109 - base_library - INFO - Таблица успешно создана
2018-04-28 22:30:40,528 - base_library - INFO - Создание базы пользователя virta_ps
2018-04-28 22:30:40,528 - base_library - INFO - База успешно создана
2018-04-28 22:30:40,529 - base_library - INFO - Создание таблицы users
2018-04-28 22:30:40,640 - base_library - INFO - Таблица успешно создана
2018-04-28 22:30:40,640 - base_library - INFO - Создание таблицы posts
2018-04-28 22:30:40,733 - base_library - INFO - Таблица успешно создана
2018-04-28 22:30:40,733 - base_library - INFO - Создание таблицы likes
2018-04-28 22:30:40,834 - base_library - INFO - Таблица успешно создана
2018-04-28 22:30:40,834 - base_library - INFO - Создание таблицы comments
2018-04-28 22:30:40,934 - base_library - INFO - Таблица успешно создана
2018-04-28 22:30:40,935 - base_library - INFO - Создание таблицы users_statistic
2018-04-28 22:30:41,052 - base_library - INFO - Таблица успешно создана
